{"C:\\Users\\pierr\\Documents\\Ynov\\Cours\\Inte et dep continu\\InteDepContinu\\app\\src\\components\\PersonForm.jsx": {"path":"C:\\Users\\pierr\\Documents\\Ynov\\Cours\\Inte et dep continu\\InteDepContinu\\app\\src\\components\\PersonForm.jsx","statementMap":{"0":{"start":{"line":23,"column":28},"end":{"line":30,"column":6}},"1":{"start":{"line":32,"column":32},"end":{"line":32,"column":44}},"2":{"start":{"line":43,"column":26},"end":{"line":74,"column":5}},"3":{"start":{"line":44,"column":8},"end":{"line":47,"column":9}},"4":{"start":{"line":45,"column":12},"end":{"line":45,"column":56}},"5":{"start":{"line":45,"column":31},"end":{"line":45,"column":54}},"6":{"start":{"line":46,"column":12},"end":{"line":46,"column":18}},"7":{"start":{"line":49,"column":8},"end":{"line":73,"column":9}},"8":{"start":{"line":50,"column":12},"end":{"line":69,"column":13}},"9":{"start":{"line":52,"column":20},"end":{"line":52,"column":52}},"10":{"start":{"line":53,"column":20},"end":{"line":53,"column":25}},"11":{"start":{"line":55,"column":20},"end":{"line":55,"column":51}},"12":{"start":{"line":56,"column":20},"end":{"line":56,"column":25}},"13":{"start":{"line":58,"column":20},"end":{"line":58,"column":40}},"14":{"start":{"line":59,"column":20},"end":{"line":59,"column":25}},"15":{"start":{"line":61,"column":20},"end":{"line":61,"column":42}},"16":{"start":{"line":62,"column":20},"end":{"line":62,"column":25}},"17":{"start":{"line":64,"column":20},"end":{"line":64,"column":39}},"18":{"start":{"line":65,"column":20},"end":{"line":65,"column":25}},"19":{"start":{"line":67,"column":20},"end":{"line":67,"column":48}},"20":{"start":{"line":68,"column":20},"end":{"line":68,"column":25}},"21":{"start":{"line":70,"column":12},"end":{"line":70,"column":56}},"22":{"start":{"line":70,"column":31},"end":{"line":70,"column":54}},"23":{"start":{"line":72,"column":12},"end":{"line":72,"column":65}},"24":{"start":{"line":72,"column":31},"end":{"line":72,"column":63}},"25":{"start":{"line":85,"column":25},"end":{"line":89,"column":5}},"26":{"start":{"line":86,"column":32},"end":{"line":86,"column":40}},"27":{"start":{"line":87,"column":8},"end":{"line":87,"column":53}},"28":{"start":{"line":87,"column":25},"end":{"line":87,"column":51}},"29":{"start":{"line":88,"column":8},"end":{"line":88,"column":34}},"30":{"start":{"line":102,"column":25},"end":{"line":136,"column":5}},"31":{"start":{"line":103,"column":8},"end":{"line":103,"column":26}},"32":{"start":{"line":104,"column":8},"end":{"line":135,"column":9}},"33":{"start":{"line":105,"column":27},"end":{"line":112,"column":13}},"34":{"start":{"line":113,"column":12},"end":{"line":113,"column":34}},"35":{"start":{"line":114,"column":12},"end":{"line":114,"column":35}},"36":{"start":{"line":115,"column":12},"end":{"line":117,"column":15}},"37":{"start":{"line":118,"column":12},"end":{"line":118,"column":97}},"38":{"start":{"line":119,"column":12},"end":{"line":119,"column":25}},"39":{"start":{"line":139,"column":8},"end":{"line":139,"column":141}},"40":{"start":{"line":141,"column":4},"end":{"line":240,"column":15}},"41":{"start":{"line":154,"column":43},"end":{"line":154,"column":85}},"42":{"start":{"line":167,"column":43},"end":{"line":167,"column":84}},"43":{"start":{"line":180,"column":43},"end":{"line":180,"column":85}},"44":{"start":{"line":193,"column":43},"end":{"line":193,"column":79}},"45":{"start":{"line":206,"column":43},"end":{"line":206,"column":80}},"46":{"start":{"line":219,"column":43},"end":{"line":219,"column":81}}},"fnMap":{"0":{"name":"PersonForm","decl":{"start":{"line":22,"column":24},"end":{"line":22,"column":34}},"loc":{"start":{"line":22,"column":50},"end":{"line":241,"column":1}},"line":22},"1":{"name":"(anonymous_1)","decl":{"start":{"line":43,"column":26},"end":{"line":43,"column":27}},"loc":{"start":{"line":43,"column":43},"end":{"line":74,"column":5}},"line":43},"2":{"name":"(anonymous_2)","decl":{"start":{"line":45,"column":22},"end":{"line":45,"column":23}},"loc":{"start":{"line":45,"column":31},"end":{"line":45,"column":54}},"line":45},"3":{"name":"(anonymous_3)","decl":{"start":{"line":70,"column":22},"end":{"line":70,"column":23}},"loc":{"start":{"line":70,"column":31},"end":{"line":70,"column":54}},"line":70},"4":{"name":"(anonymous_4)","decl":{"start":{"line":72,"column":22},"end":{"line":72,"column":23}},"loc":{"start":{"line":72,"column":31},"end":{"line":72,"column":63}},"line":72},"5":{"name":"(anonymous_5)","decl":{"start":{"line":85,"column":25},"end":{"line":85,"column":26}},"loc":{"start":{"line":85,"column":32},"end":{"line":89,"column":5}},"line":85},"6":{"name":"(anonymous_6)","decl":{"start":{"line":87,"column":16},"end":{"line":87,"column":17}},"loc":{"start":{"line":87,"column":25},"end":{"line":87,"column":51}},"line":87},"7":{"name":"(anonymous_7)","decl":{"start":{"line":102,"column":25},"end":{"line":102,"column":26}},"loc":{"start":{"line":102,"column":38},"end":{"line":136,"column":5}},"line":102},"8":{"name":"(anonymous_8)","decl":{"start":{"line":154,"column":36},"end":{"line":154,"column":37}},"loc":{"start":{"line":154,"column":43},"end":{"line":154,"column":85}},"line":154},"9":{"name":"(anonymous_9)","decl":{"start":{"line":167,"column":36},"end":{"line":167,"column":37}},"loc":{"start":{"line":167,"column":43},"end":{"line":167,"column":84}},"line":167},"10":{"name":"(anonymous_10)","decl":{"start":{"line":180,"column":36},"end":{"line":180,"column":37}},"loc":{"start":{"line":180,"column":43},"end":{"line":180,"column":85}},"line":180},"11":{"name":"(anonymous_11)","decl":{"start":{"line":193,"column":36},"end":{"line":193,"column":37}},"loc":{"start":{"line":193,"column":43},"end":{"line":193,"column":79}},"line":193},"12":{"name":"(anonymous_12)","decl":{"start":{"line":206,"column":36},"end":{"line":206,"column":37}},"loc":{"start":{"line":206,"column":43},"end":{"line":206,"column":80}},"line":206},"13":{"name":"(anonymous_13)","decl":{"start":{"line":219,"column":36},"end":{"line":219,"column":37}},"loc":{"start":{"line":219,"column":43},"end":{"line":219,"column":81}},"line":219}},"branchMap":{"0":{"loc":{"start":{"line":44,"column":8},"end":{"line":47,"column":9}},"type":"if","locations":[{"start":{"line":44,"column":8},"end":{"line":47,"column":9}},{"start":{},"end":{}}],"line":44},"1":{"loc":{"start":{"line":50,"column":12},"end":{"line":69,"column":13}},"type":"switch","locations":[{"start":{"line":51,"column":16},"end":{"line":53,"column":25}},{"start":{"line":54,"column":16},"end":{"line":56,"column":25}},{"start":{"line":57,"column":16},"end":{"line":59,"column":25}},{"start":{"line":60,"column":16},"end":{"line":62,"column":25}},{"start":{"line":63,"column":16},"end":{"line":65,"column":25}},{"start":{"line":66,"column":16},"end":{"line":68,"column":25}}],"line":50},"2":{"loc":{"start":{"line":139,"column":8},"end":{"line":139,"column":141}},"type":"binary-expr","locations":[{"start":{"line":139,"column":8},"end":{"line":139,"column":23}},{"start":{"line":139,"column":27},"end":{"line":139,"column":41}},{"start":{"line":139,"column":45},"end":{"line":139,"column":56}},{"start":{"line":139,"column":60},"end":{"line":139,"column":75}},{"start":{"line":139,"column":79},"end":{"line":139,"column":88}},{"start":{"line":139,"column":92},"end":{"line":139,"column":102}},{"start":{"line":139,"column":106},"end":{"line":139,"column":141}}],"line":139},"3":{"loc":{"start":{"line":156,"column":25},"end":{"line":156,"column":111}},"type":"binary-expr","locations":[{"start":{"line":156,"column":25},"end":{"line":156,"column":41}},{"start":{"line":156,"column":45},"end":{"line":156,"column":111}}],"line":156},"4":{"loc":{"start":{"line":169,"column":25},"end":{"line":169,"column":109}},"type":"binary-expr","locations":[{"start":{"line":169,"column":25},"end":{"line":169,"column":40}},{"start":{"line":169,"column":44},"end":{"line":169,"column":109}}],"line":169},"5":{"loc":{"start":{"line":182,"column":25},"end":{"line":182,"column":111}},"type":"binary-expr","locations":[{"start":{"line":182,"column":25},"end":{"line":182,"column":41}},{"start":{"line":182,"column":45},"end":{"line":182,"column":111}}],"line":182},"6":{"loc":{"start":{"line":195,"column":25},"end":{"line":195,"column":99}},"type":"binary-expr","locations":[{"start":{"line":195,"column":25},"end":{"line":195,"column":35}},{"start":{"line":195,"column":39},"end":{"line":195,"column":99}}],"line":195},"7":{"loc":{"start":{"line":208,"column":25},"end":{"line":208,"column":101}},"type":"binary-expr","locations":[{"start":{"line":208,"column":25},"end":{"line":208,"column":36}},{"start":{"line":208,"column":40},"end":{"line":208,"column":101}}],"line":208},"8":{"loc":{"start":{"line":221,"column":25},"end":{"line":221,"column":103}},"type":"binary-expr","locations":[{"start":{"line":221,"column":25},"end":{"line":221,"column":37}},{"start":{"line":221,"column":41},"end":{"line":221,"column":103}}],"line":221}},"s":{"0":179,"1":179,"2":179,"3":168,"4":9,"5":9,"6":9,"7":159,"8":159,"9":16,"10":10,"11":18,"12":14,"13":56,"14":6,"15":19,"16":4,"17":40,"18":20,"19":10,"20":4,"21":58,"22":58,"23":101,"24":101,"25":179,"26":138,"27":138,"28":138,"29":138,"30":179,"31":2,"32":2,"33":2,"34":2,"35":2,"36":2,"37":2,"38":2,"39":179,"40":179,"41":4,"42":4,"43":6,"44":5,"45":5,"46":6},"f":{"0":179,"1":168,"2":9,"3":58,"4":101,"5":138,"6":138,"7":2,"8":4,"9":4,"10":6,"11":5,"12":5,"13":6},"b":{"0":[9,159],"1":[16,18,56,19,40,10],"2":[179,155,143,131,70,69,67],"3":[179,39],"4":[179,58],"5":[179,74],"6":[179,76],"7":[179,70],"8":[179,90]},"_coverageSchema":"1a1c01bbd47fc00a2c39e90264f33305004495a9","hash":"3aa04f4d080d34550383c8ed0590c64348f56cdb"}
,"C:\\Users\\pierr\\Documents\\Ynov\\Cours\\Inte et dep continu\\InteDepContinu\\app\\src\\domain\\module.js": {"path":"C:\\Users\\pierr\\Documents\\Ynov\\Cours\\Inte et dep continu\\InteDepContinu\\app\\src\\domain\\module.js","statementMap":{"0":{"start":{"line":8,"column":4},"end":{"line":10,"column":5}},"1":{"start":{"line":9,"column":8},"end":{"line":9,"column":42}},"2":{"start":{"line":12,"column":4},"end":{"line":14,"column":5}},"3":{"start":{"line":13,"column":8},"end":{"line":13,"column":57}},"4":{"start":{"line":16,"column":4},"end":{"line":18,"column":5}},"5":{"start":{"line":17,"column":8},"end":{"line":17,"column":58}},"6":{"start":{"line":20,"column":4},"end":{"line":22,"column":5}},"7":{"start":{"line":21,"column":8},"end":{"line":21,"column":59}},"8":{"start":{"line":24,"column":4},"end":{"line":26,"column":5}},"9":{"start":{"line":25,"column":8},"end":{"line":25,"column":50}},"10":{"start":{"line":28,"column":19},"end":{"line":28,"column":59}},"11":{"start":{"line":29,"column":14},"end":{"line":29,"column":56}},"12":{"start":{"line":30,"column":4},"end":{"line":30,"column":15}}},"fnMap":{"0":{"name":"calculateAge","decl":{"start":{"line":7,"column":16},"end":{"line":7,"column":28}},"loc":{"start":{"line":7,"column":31},"end":{"line":31,"column":1}},"line":7}},"branchMap":{"0":{"loc":{"start":{"line":8,"column":4},"end":{"line":10,"column":5}},"type":"if","locations":[{"start":{"line":8,"column":4},"end":{"line":10,"column":5}},{"start":{},"end":{}}],"line":8},"1":{"loc":{"start":{"line":12,"column":4},"end":{"line":14,"column":5}},"type":"if","locations":[{"start":{"line":12,"column":4},"end":{"line":14,"column":5}},{"start":{},"end":{}}],"line":12},"2":{"loc":{"start":{"line":16,"column":4},"end":{"line":18,"column":5}},"type":"if","locations":[{"start":{"line":16,"column":4},"end":{"line":18,"column":5}},{"start":{},"end":{}}],"line":16},"3":{"loc":{"start":{"line":20,"column":4},"end":{"line":22,"column":5}},"type":"if","locations":[{"start":{"line":20,"column":4},"end":{"line":22,"column":5}},{"start":{},"end":{}}],"line":20},"4":{"loc":{"start":{"line":24,"column":4},"end":{"line":26,"column":5}},"type":"if","locations":[{"start":{"line":24,"column":4},"end":{"line":26,"column":5}},{"start":{},"end":{}}],"line":24}},"s":{"0":20,"1":2,"2":18,"3":2,"4":16,"5":1,"6":15,"7":2,"8":13,"9":1,"10":12,"11":12,"12":12},"f":{"0":20},"b":{"0":[2,18],"1":[2,16],"2":[1,15],"3":[2,13],"4":[1,12]},"_coverageSchema":"1a1c01bbd47fc00a2c39e90264f33305004495a9","hash":"e0aeffe8a9488c75c7c80382acc0ed2b1b9c71d5"}
,"C:\\Users\\pierr\\Documents\\Ynov\\Cours\\Inte et dep continu\\InteDepContinu\\app\\src\\domain\\validator.js": {"path":"C:\\Users\\pierr\\Documents\\Ynov\\Cours\\Inte et dep continu\\InteDepContinu\\app\\src\\domain\\validator.js","statementMap":{"0":{"start":{"line":16,"column":4},"end":{"line":18,"column":5}},"1":{"start":{"line":17,"column":8},"end":{"line":17,"column":49}},"2":{"start":{"line":20,"column":4},"end":{"line":20,"column":71}},"3":{"start":{"line":20,"column":27},"end":{"line":20,"column":71}},"4":{"start":{"line":21,"column":4},"end":{"line":21,"column":59}},"5":{"start":{"line":21,"column":21},"end":{"line":21,"column":59}},"6":{"start":{"line":22,"column":4},"end":{"line":22,"column":61}},"7":{"start":{"line":22,"column":22},"end":{"line":22,"column":61}},"8":{"start":{"line":23,"column":4},"end":{"line":23,"column":71}},"9":{"start":{"line":23,"column":27},"end":{"line":23,"column":71}},"10":{"start":{"line":24,"column":4},"end":{"line":24,"column":69}},"11":{"start":{"line":24,"column":26},"end":{"line":24,"column":69}},"12":{"start":{"line":25,"column":4},"end":{"line":25,"column":63}},"13":{"start":{"line":25,"column":23},"end":{"line":25,"column":63}},"14":{"start":{"line":27,"column":4},"end":{"line":27,"column":111}},"15":{"start":{"line":27,"column":45},"end":{"line":27,"column":111}},"16":{"start":{"line":28,"column":4},"end":{"line":28,"column":102}},"17":{"start":{"line":28,"column":40},"end":{"line":28,"column":102}},"18":{"start":{"line":29,"column":4},"end":{"line":29,"column":104}},"19":{"start":{"line":29,"column":41},"end":{"line":29,"column":104}},"20":{"start":{"line":30,"column":4},"end":{"line":30,"column":114}},"21":{"start":{"line":30,"column":46},"end":{"line":30,"column":114}},"22":{"start":{"line":31,"column":4},"end":{"line":31,"column":112}},"23":{"start":{"line":31,"column":45},"end":{"line":31,"column":112}},"24":{"start":{"line":32,"column":4},"end":{"line":32,"column":106}},"25":{"start":{"line":32,"column":42},"end":{"line":32,"column":106}},"26":{"start":{"line":34,"column":4},"end":{"line":34,"column":34}},"27":{"start":{"line":35,"column":4},"end":{"line":35,"column":32}},"28":{"start":{"line":36,"column":4},"end":{"line":36,"column":29}},"29":{"start":{"line":37,"column":4},"end":{"line":37,"column":35}},"30":{"start":{"line":38,"column":4},"end":{"line":38,"column":34}},"31":{"start":{"line":39,"column":4},"end":{"line":39,"column":32}},"32":{"start":{"line":41,"column":4},"end":{"line":41,"column":16}},"33":{"start":{"line":57,"column":4},"end":{"line":59,"column":5}},"34":{"start":{"line":58,"column":8},"end":{"line":58,"column":44}},"35":{"start":{"line":61,"column":16},"end":{"line":61,"column":26}},"36":{"start":{"line":62,"column":4},"end":{"line":62,"column":56}},"37":{"start":{"line":62,"column":25},"end":{"line":62,"column":56}},"38":{"start":{"line":64,"column":17},"end":{"line":64,"column":40}},"39":{"start":{"line":65,"column":4},"end":{"line":65,"column":57}},"40":{"start":{"line":65,"column":21},"end":{"line":65,"column":57}},"41":{"start":{"line":67,"column":16},"end":{"line":67,"column":48}},"42":{"start":{"line":68,"column":4},"end":{"line":68,"column":46}},"43":{"start":{"line":68,"column":18},"end":{"line":68,"column":46}},"44":{"start":{"line":70,"column":4},"end":{"line":70,"column":16}},"45":{"start":{"line":81,"column":4},"end":{"line":83,"column":5}},"46":{"start":{"line":82,"column":8},"end":{"line":82,"column":39}},"47":{"start":{"line":84,"column":4},"end":{"line":84,"column":16}},"48":{"start":{"line":97,"column":4},"end":{"line":97,"column":66}},"49":{"start":{"line":97,"column":34},"end":{"line":97,"column":66}},"50":{"start":{"line":98,"column":4},"end":{"line":98,"column":62}},"51":{"start":{"line":98,"column":30},"end":{"line":98,"column":62}},"52":{"start":{"line":99,"column":4},"end":{"line":101,"column":5}},"53":{"start":{"line":100,"column":8},"end":{"line":100,"column":40}},"54":{"start":{"line":102,"column":4},"end":{"line":102,"column":16}},"55":{"start":{"line":114,"column":4},"end":{"line":114,"column":117}},"56":{"start":{"line":114,"column":34},"end":{"line":114,"column":117}},"57":{"start":{"line":115,"column":4},"end":{"line":115,"column":62}},"58":{"start":{"line":115,"column":30},"end":{"line":115,"column":62}},"59":{"start":{"line":116,"column":4},"end":{"line":118,"column":5}},"60":{"start":{"line":117,"column":8},"end":{"line":117,"column":91}},"61":{"start":{"line":119,"column":4},"end":{"line":119,"column":16}},"62":{"start":{"line":130,"column":4},"end":{"line":132,"column":5}},"63":{"start":{"line":131,"column":8},"end":{"line":131,"column":41}},"64":{"start":{"line":134,"column":23},"end":{"line":134,"column":54}},"65":{"start":{"line":135,"column":4},"end":{"line":137,"column":5}},"66":{"start":{"line":136,"column":8},"end":{"line":136,"column":41}},"67":{"start":{"line":138,"column":4},"end":{"line":138,"column":16}}},"fnMap":{"0":{"name":"validatePerson","decl":{"start":{"line":15,"column":16},"end":{"line":15,"column":30}},"loc":{"start":{"line":15,"column":39},"end":{"line":42,"column":1}},"line":15},"1":{"name":"validateAge","decl":{"start":{"line":56,"column":16},"end":{"line":56,"column":27}},"loc":{"start":{"line":56,"column":39},"end":{"line":71,"column":1}},"line":56},"2":{"name":"validateZipCode","decl":{"start":{"line":80,"column":16},"end":{"line":80,"column":31}},"loc":{"start":{"line":80,"column":37},"end":{"line":85,"column":1}},"line":80},"3":{"name":"validateCity","decl":{"start":{"line":96,"column":16},"end":{"line":96,"column":28}},"loc":{"start":{"line":96,"column":35},"end":{"line":103,"column":1}},"line":96},"4":{"name":"validateName","decl":{"start":{"line":113,"column":16},"end":{"line":113,"column":28}},"loc":{"start":{"line":113,"column":55},"end":{"line":120,"column":1}},"line":113},"5":{"name":"validateEmail","decl":{"start":{"line":129,"column":16},"end":{"line":129,"column":29}},"loc":{"start":{"line":129,"column":37},"end":{"line":139,"column":1}},"line":129}},"branchMap":{"0":{"loc":{"start":{"line":16,"column":4},"end":{"line":18,"column":5}},"type":"if","locations":[{"start":{"line":16,"column":4},"end":{"line":18,"column":5}},{"start":{},"end":{}}],"line":16},"1":{"loc":{"start":{"line":16,"column":8},"end":{"line":16,"column":45}},"type":"binary-expr","locations":[{"start":{"line":16,"column":8},"end":{"line":16,"column":15}},{"start":{"line":16,"column":19},"end":{"line":16,"column":45}}],"line":16},"2":{"loc":{"start":{"line":20,"column":4},"end":{"line":20,"column":71}},"type":"if","locations":[{"start":{"line":20,"column":4},"end":{"line":20,"column":71}},{"start":{},"end":{}}],"line":20},"3":{"loc":{"start":{"line":21,"column":4},"end":{"line":21,"column":59}},"type":"if","locations":[{"start":{"line":21,"column":4},"end":{"line":21,"column":59}},{"start":{},"end":{}}],"line":21},"4":{"loc":{"start":{"line":22,"column":4},"end":{"line":22,"column":61}},"type":"if","locations":[{"start":{"line":22,"column":4},"end":{"line":22,"column":61}},{"start":{},"end":{}}],"line":22},"5":{"loc":{"start":{"line":23,"column":4},"end":{"line":23,"column":71}},"type":"if","locations":[{"start":{"line":23,"column":4},"end":{"line":23,"column":71}},{"start":{},"end":{}}],"line":23},"6":{"loc":{"start":{"line":24,"column":4},"end":{"line":24,"column":69}},"type":"if","locations":[{"start":{"line":24,"column":4},"end":{"line":24,"column":69}},{"start":{},"end":{}}],"line":24},"7":{"loc":{"start":{"line":25,"column":4},"end":{"line":25,"column":63}},"type":"if","locations":[{"start":{"line":25,"column":4},"end":{"line":25,"column":63}},{"start":{},"end":{}}],"line":25},"8":{"loc":{"start":{"line":27,"column":4},"end":{"line":27,"column":111}},"type":"if","locations":[{"start":{"line":27,"column":4},"end":{"line":27,"column":111}},{"start":{},"end":{}}],"line":27},"9":{"loc":{"start":{"line":28,"column":4},"end":{"line":28,"column":102}},"type":"if","locations":[{"start":{"line":28,"column":4},"end":{"line":28,"column":102}},{"start":{},"end":{}}],"line":28},"10":{"loc":{"start":{"line":29,"column":4},"end":{"line":29,"column":104}},"type":"if","locations":[{"start":{"line":29,"column":4},"end":{"line":29,"column":104}},{"start":{},"end":{}}],"line":29},"11":{"loc":{"start":{"line":30,"column":4},"end":{"line":30,"column":114}},"type":"if","locations":[{"start":{"line":30,"column":4},"end":{"line":30,"column":114}},{"start":{},"end":{}}],"line":30},"12":{"loc":{"start":{"line":31,"column":4},"end":{"line":31,"column":112}},"type":"if","locations":[{"start":{"line":31,"column":4},"end":{"line":31,"column":112}},{"start":{},"end":{}}],"line":31},"13":{"loc":{"start":{"line":32,"column":4},"end":{"line":32,"column":106}},"type":"if","locations":[{"start":{"line":32,"column":4},"end":{"line":32,"column":106}},{"start":{},"end":{}}],"line":32},"14":{"loc":{"start":{"line":57,"column":4},"end":{"line":59,"column":5}},"type":"if","locations":[{"start":{"line":57,"column":4},"end":{"line":59,"column":5}},{"start":{},"end":{}}],"line":57},"15":{"loc":{"start":{"line":57,"column":8},"end":{"line":57,"column":73}},"type":"binary-expr","locations":[{"start":{"line":57,"column":8},"end":{"line":57,"column":36}},{"start":{"line":57,"column":40},"end":{"line":57,"column":73}}],"line":57},"16":{"loc":{"start":{"line":62,"column":4},"end":{"line":62,"column":56}},"type":"if","locations":[{"start":{"line":62,"column":4},"end":{"line":62,"column":56}},{"start":{},"end":{}}],"line":62},"17":{"loc":{"start":{"line":65,"column":4},"end":{"line":65,"column":57}},"type":"if","locations":[{"start":{"line":65,"column":4},"end":{"line":65,"column":57}},{"start":{},"end":{}}],"line":65},"18":{"loc":{"start":{"line":68,"column":4},"end":{"line":68,"column":46}},"type":"if","locations":[{"start":{"line":68,"column":4},"end":{"line":68,"column":46}},{"start":{},"end":{}}],"line":68},"19":{"loc":{"start":{"line":81,"column":4},"end":{"line":83,"column":5}},"type":"if","locations":[{"start":{"line":81,"column":4},"end":{"line":83,"column":5}},{"start":{},"end":{}}],"line":81},"20":{"loc":{"start":{"line":81,"column":8},"end":{"line":81,"column":55}},"type":"binary-expr","locations":[{"start":{"line":81,"column":8},"end":{"line":81,"column":31}},{"start":{"line":81,"column":35},"end":{"line":81,"column":55}}],"line":81},"21":{"loc":{"start":{"line":97,"column":4},"end":{"line":97,"column":66}},"type":"if","locations":[{"start":{"line":97,"column":4},"end":{"line":97,"column":66}},{"start":{},"end":{}}],"line":97},"22":{"loc":{"start":{"line":98,"column":4},"end":{"line":98,"column":62}},"type":"if","locations":[{"start":{"line":98,"column":4},"end":{"line":98,"column":62}},{"start":{},"end":{}}],"line":98},"23":{"loc":{"start":{"line":99,"column":4},"end":{"line":101,"column":5}},"type":"if","locations":[{"start":{"line":99,"column":4},"end":{"line":101,"column":5}},{"start":{},"end":{}}],"line":99},"24":{"loc":{"start":{"line":113,"column":35},"end":{"line":113,"column":53}},"type":"default-arg","locations":[{"start":{"line":113,"column":42},"end":{"line":113,"column":53}}],"line":113},"25":{"loc":{"start":{"line":114,"column":4},"end":{"line":114,"column":117}},"type":"if","locations":[{"start":{"line":114,"column":4},"end":{"line":114,"column":117}},{"start":{},"end":{}}],"line":114},"26":{"loc":{"start":{"line":114,"column":50},"end":{"line":114,"column":115}},"type":"cond-expr","locations":[{"start":{"line":114,"column":73},"end":{"line":114,"column":93}},{"start":{"line":114,"column":96},"end":{"line":114,"column":115}}],"line":114},"27":{"loc":{"start":{"line":115,"column":4},"end":{"line":115,"column":62}},"type":"if","locations":[{"start":{"line":115,"column":4},"end":{"line":115,"column":62}},{"start":{},"end":{}}],"line":115},"28":{"loc":{"start":{"line":116,"column":4},"end":{"line":118,"column":5}},"type":"if","locations":[{"start":{"line":116,"column":4},"end":{"line":118,"column":5}},{"start":{},"end":{}}],"line":116},"29":{"loc":{"start":{"line":117,"column":24},"end":{"line":117,"column":89}},"type":"cond-expr","locations":[{"start":{"line":117,"column":47},"end":{"line":117,"column":67}},{"start":{"line":117,"column":70},"end":{"line":117,"column":89}}],"line":117},"30":{"loc":{"start":{"line":130,"column":4},"end":{"line":132,"column":5}},"type":"if","locations":[{"start":{"line":130,"column":4},"end":{"line":132,"column":5}},{"start":{},"end":{}}],"line":130},"31":{"loc":{"start":{"line":135,"column":4},"end":{"line":137,"column":5}},"type":"if","locations":[{"start":{"line":135,"column":4},"end":{"line":137,"column":5}},{"start":{},"end":{}}],"line":135}},"s":{"0":18,"1":3,"2":15,"3":1,"4":14,"5":1,"6":13,"7":1,"8":12,"9":1,"10":11,"11":1,"12":10,"13":1,"14":9,"15":1,"16":8,"17":1,"18":7,"19":1,"20":6,"21":1,"22":5,"23":1,"24":4,"25":1,"26":3,"27":3,"28":3,"29":3,"30":3,"31":3,"32":3,"33":20,"34":3,"35":17,"36":17,"37":5,"38":12,"39":12,"40":1,"41":11,"42":11,"43":3,"44":8,"45":27,"46":19,"47":8,"48":52,"49":2,"50":50,"51":5,"52":45,"53":19,"54":26,"55":48,"56":2,"57":46,"58":1,"59":45,"60":12,"61":33,"62":64,"63":1,"64":63,"65":63,"66":53,"67":10},"f":{"0":18,"1":20,"2":27,"3":52,"4":48,"5":64},"b":{"0":[3,15],"1":[18,16],"2":[1,14],"3":[1,13],"4":[1,12],"5":[1,11],"6":[1,10],"7":[1,9],"8":[1,8],"9":[1,7],"10":[1,6],"11":[1,5],"12":[1,4],"13":[1,3],"14":[3,17],"15":[20,18],"16":[5,12],"17":[1,11],"18":[3,8],"19":[19,8],"20":[27,26],"21":[2,50],"22":[5,45],"23":[19,26],"24":[6],"25":[2,46],"26":[1,1],"27":[1,45],"28":[12,33],"29":[7,5],"30":[1,63],"31":[53,10]},"_coverageSchema":"1a1c01bbd47fc00a2c39e90264f33305004495a9","hash":"42a5b201801da0e6167ca62ac69900bd56ebaa41"}
,"C:\\Users\\pierr\\Documents\\Ynov\\Cours\\Inte et dep continu\\InteDepContinu\\app\\src\\domain\\services\\personService.js": {"path":"C:\\Users\\pierr\\Documents\\Ynov\\Cours\\Inte et dep continu\\InteDepContinu\\app\\src\\domain\\services\\personService.js","statementMap":{"0":{"start":{"line":12,"column":4},"end":{"line":14,"column":69}},"1":{"start":{"line":28,"column":4},"end":{"line":46,"column":5}},"2":{"start":{"line":29,"column":25},"end":{"line":29,"column":65}},"3":{"start":{"line":32,"column":26},"end":{"line":32,"column":107}},"4":{"start":{"line":34,"column":8},"end":{"line":42,"column":12}},"5":{"start":{"line":34,"column":35},"end":{"line":42,"column":9}},"6":{"start":{"line":44,"column":8},"end":{"line":44,"column":57}},"7":{"start":{"line":45,"column":8},"end":{"line":45,"column":40}},"8":{"start":{"line":59,"column":4},"end":{"line":64,"column":5}},"9":{"start":{"line":60,"column":8},"end":{"line":60,"column":62}},"10":{"start":{"line":62,"column":8},"end":{"line":62,"column":57}},"11":{"start":{"line":63,"column":8},"end":{"line":63,"column":40}},"12":{"start":{"line":86,"column":4},"end":{"line":88,"column":5}},"13":{"start":{"line":87,"column":8},"end":{"line":87,"column":48}},"14":{"start":{"line":90,"column":4},"end":{"line":106,"column":5}},"15":{"start":{"line":91,"column":25},"end":{"line":91,"column":74}},"16":{"start":{"line":92,"column":8},"end":{"line":92,"column":29}},"17":{"start":{"line":94,"column":23},"end":{"line":94,"column":45}},"18":{"start":{"line":96,"column":8},"end":{"line":98,"column":9}},"19":{"start":{"line":97,"column":12},"end":{"line":97,"column":52}},"20":{"start":{"line":100,"column":8},"end":{"line":102,"column":9}},"21":{"start":{"line":101,"column":12},"end":{"line":101,"column":44}},"22":{"start":{"line":104,"column":8},"end":{"line":104,"column":57}},"23":{"start":{"line":105,"column":8},"end":{"line":105,"column":40}}},"fnMap":{"0":{"name":"getApiBase","decl":{"start":{"line":11,"column":9},"end":{"line":11,"column":19}},"loc":{"start":{"line":11,"column":22},"end":{"line":15,"column":1}},"line":11},"1":{"name":"fetchUsers","decl":{"start":{"line":27,"column":22},"end":{"line":27,"column":32}},"loc":{"start":{"line":27,"column":35},"end":{"line":47,"column":1}},"line":27},"2":{"name":"(anonymous_2)","decl":{"start":{"line":34,"column":29},"end":{"line":34,"column":30}},"loc":{"start":{"line":34,"column":35},"end":{"line":42,"column":9}},"line":34},"3":{"name":"deleteUser","decl":{"start":{"line":58,"column":22},"end":{"line":58,"column":32}},"loc":{"start":{"line":58,"column":41},"end":{"line":65,"column":1}},"line":58},"4":{"name":"createUser","decl":{"start":{"line":85,"column":22},"end":{"line":85,"column":32}},"loc":{"start":{"line":85,"column":62},"end":{"line":107,"column":1}},"line":85}},"branchMap":{"0":{"loc":{"start":{"line":12,"column":11},"end":{"line":14,"column":68}},"type":"cond-expr","locations":[{"start":{"line":13,"column":10},"end":{"line":13,"column":48}},{"start":{"line":14,"column":11},"end":{"line":14,"column":67}}],"line":12},"1":{"loc":{"start":{"line":14,"column":11},"end":{"line":14,"column":67}},"type":"binary-expr","locations":[{"start":{"line":14,"column":11},"end":{"line":14,"column":40}},{"start":{"line":14,"column":44},"end":{"line":14,"column":67}}],"line":14},"2":{"loc":{"start":{"line":32,"column":26},"end":{"line":32,"column":107}},"type":"cond-expr","locations":[{"start":{"line":32,"column":57},"end":{"line":32,"column":70}},{"start":{"line":32,"column":74},"end":{"line":32,"column":106}}],"line":32},"3":{"loc":{"start":{"line":32,"column":74},"end":{"line":32,"column":106}},"type":"binary-expr","locations":[{"start":{"line":32,"column":74},"end":{"line":32,"column":100}},{"start":{"line":32,"column":104},"end":{"line":32,"column":106}}],"line":32},"4":{"loc":{"start":{"line":36,"column":23},"end":{"line":36,"column":80}},"type":"binary-expr","locations":[{"start":{"line":36,"column":23},"end":{"line":36,"column":34}},{"start":{"line":36,"column":39},"end":{"line":36,"column":73}},{"start":{"line":36,"column":78},"end":{"line":36,"column":80}}],"line":36},"5":{"loc":{"start":{"line":36,"column":39},"end":{"line":36,"column":73}},"type":"cond-expr","locations":[{"start":{"line":36,"column":48},"end":{"line":36,"column":68}},{"start":{"line":36,"column":71},"end":{"line":36,"column":73}}],"line":36},"6":{"loc":{"start":{"line":37,"column":22},"end":{"line":37,"column":78}},"type":"binary-expr","locations":[{"start":{"line":37,"column":22},"end":{"line":37,"column":32}},{"start":{"line":37,"column":37},"end":{"line":37,"column":71}},{"start":{"line":37,"column":76},"end":{"line":37,"column":78}}],"line":37},"7":{"loc":{"start":{"line":37,"column":37},"end":{"line":37,"column":71}},"type":"cond-expr","locations":[{"start":{"line":37,"column":46},"end":{"line":37,"column":66}},{"start":{"line":37,"column":69},"end":{"line":37,"column":71}}],"line":37},"8":{"loc":{"start":{"line":39,"column":23},"end":{"line":39,"column":40}},"type":"binary-expr","locations":[{"start":{"line":39,"column":23},"end":{"line":39,"column":34}},{"start":{"line":39,"column":38},"end":{"line":39,"column":40}}],"line":39},"9":{"loc":{"start":{"line":40,"column":17},"end":{"line":40,"column":50}},"type":"binary-expr","locations":[{"start":{"line":40,"column":17},"end":{"line":40,"column":22}},{"start":{"line":40,"column":26},"end":{"line":40,"column":44}},{"start":{"line":40,"column":48},"end":{"line":40,"column":50}}],"line":40},"10":{"loc":{"start":{"line":41,"column":18},"end":{"line":41,"column":49}},"type":"binary-expr","locations":[{"start":{"line":41,"column":18},"end":{"line":41,"column":24}},{"start":{"line":41,"column":28},"end":{"line":41,"column":43}},{"start":{"line":41,"column":47},"end":{"line":41,"column":49}}],"line":41},"11":{"loc":{"start":{"line":85,"column":41},"end":{"line":85,"column":60}},"type":"default-arg","locations":[{"start":{"line":85,"column":58},"end":{"line":85,"column":60}}],"line":85},"12":{"loc":{"start":{"line":86,"column":4},"end":{"line":88,"column":5}},"type":"if","locations":[{"start":{"line":86,"column":4},"end":{"line":88,"column":5}},{"start":{},"end":{}}],"line":86},"13":{"loc":{"start":{"line":96,"column":8},"end":{"line":98,"column":9}},"type":"if","locations":[{"start":{"line":96,"column":8},"end":{"line":98,"column":9}},{"start":{},"end":{}}],"line":96},"14":{"loc":{"start":{"line":96,"column":12},"end":{"line":96,"column":85}},"type":"binary-expr","locations":[{"start":{"line":96,"column":12},"end":{"line":96,"column":26}},{"start":{"line":96,"column":30},"end":{"line":96,"column":85}}],"line":96},"15":{"loc":{"start":{"line":100,"column":8},"end":{"line":102,"column":9}},"type":"if","locations":[{"start":{"line":100,"column":8},"end":{"line":102,"column":9}},{"start":{},"end":{}}],"line":100},"16":{"loc":{"start":{"line":100,"column":12},"end":{"line":100,"column":41}},"type":"binary-expr","locations":[{"start":{"line":100,"column":12},"end":{"line":100,"column":25}},{"start":{"line":100,"column":29},"end":{"line":100,"column":41}}],"line":100}},"s":{"0":18,"1":9,"2":9,"3":7,"4":7,"5":4,"6":2,"7":2,"8":4,"9":4,"10":3,"11":3,"12":6,"13":1,"14":5,"15":5,"16":2,"17":3,"18":3,"19":1,"20":2,"21":1,"22":1,"23":1},"f":{"0":18,"1":9,"2":4,"3":4,"4":6},"b":{"0":[16,2],"1":[2,1],"2":[5,2],"3":[2,1],"4":[4,3,1],"5":[2,1],"6":[4,3,2],"7":[2,1],"8":[4,3],"9":[4,3,1],"10":[4,3,1],"11":[1],"12":[1,5],"13":[1,2],"14":[3,1],"15":[1,1],"16":[2,1]},"_coverageSchema":"1a1c01bbd47fc00a2c39e90264f33305004495a9","hash":"eba011e2b11ea3dd3774e8ddb20752a7b2e0cdc6"}
,"C:\\Users\\pierr\\Documents\\Ynov\\Cours\\Inte et dep continu\\InteDepContinu\\app\\src\\utils\\errorMessages.js": {"path":"C:\\Users\\pierr\\Documents\\Ynov\\Cours\\Inte et dep continu\\InteDepContinu\\app\\src\\utils\\errorMessages.js","statementMap":{"0":{"start":{"line":19,"column":29},"end":{"line":34,"column":1}},"1":{"start":{"line":42,"column":4},"end":{"line":42,"column":51}}},"fnMap":{"0":{"name":"getErrorMessage","decl":{"start":{"line":41,"column":16},"end":{"line":41,"column":31}},"loc":{"start":{"line":41,"column":37},"end":{"line":43,"column":1}},"line":41}},"branchMap":{"0":{"loc":{"start":{"line":42,"column":11},"end":{"line":42,"column":50}},"type":"binary-expr","locations":[{"start":{"line":42,"column":11},"end":{"line":42,"column":29}},{"start":{"line":42,"column":33},"end":{"line":42,"column":50}}],"line":42}},"s":{"0":2,"1":410},"f":{"0":410},"b":{"0":[410,1]},"_coverageSchema":"1a1c01bbd47fc00a2c39e90264f33305004495a9","hash":"7eb023afa3c80e778d9029f0c6e511c9dd0115b4"}
}
