TN:
SF:src\components\PersonForm.jsx
FN:22,PersonForm
FN:42,(anonymous_1)
FN:44,(anonymous_2)
FN:69,(anonymous_3)
FN:71,(anonymous_4)
FN:82,(anonymous_5)
FN:84,(anonymous_6)
FN:95,(anonymous_7)
FN:146,(anonymous_8)
FN:159,(anonymous_9)
FN:172,(anonymous_10)
FN:185,(anonymous_11)
FN:198,(anonymous_12)
FN:211,(anonymous_13)
FNF:14
FNH:14
FNDA:179,PersonForm
FNDA:168,(anonymous_1)
FNDA:9,(anonymous_2)
FNDA:58,(anonymous_3)
FNDA:101,(anonymous_4)
FNDA:138,(anonymous_5)
FNDA:138,(anonymous_6)
FNDA:2,(anonymous_7)
FNDA:4,(anonymous_8)
FNDA:4,(anonymous_9)
FNDA:6,(anonymous_10)
FNDA:5,(anonymous_11)
FNDA:5,(anonymous_12)
FNDA:6,(anonymous_13)
DA:23,179
DA:32,179
DA:42,179
DA:43,168
DA:44,9
DA:45,9
DA:48,159
DA:49,159
DA:51,16
DA:52,10
DA:54,18
DA:55,14
DA:57,56
DA:58,6
DA:60,19
DA:61,4
DA:63,40
DA:64,20
DA:66,10
DA:67,4
DA:69,58
DA:71,101
DA:82,179
DA:83,138
DA:84,138
DA:85,138
DA:95,179
DA:96,2
DA:97,2
DA:98,2
DA:106,2
DA:107,2
DA:108,2
DA:111,2
DA:112,2
DA:132,179
DA:134,179
DA:146,4
DA:159,4
DA:172,6
DA:185,5
DA:198,5
DA:211,6
LF:43
LH:43
BRDA:43,0,0,9
BRDA:43,0,1,159
BRDA:49,1,0,16
BRDA:49,1,1,18
BRDA:49,1,2,56
BRDA:49,1,3,19
BRDA:49,1,4,40
BRDA:49,1,5,10
BRDA:132,2,0,179
BRDA:132,2,1,155
BRDA:132,2,2,143
BRDA:132,2,3,131
BRDA:132,2,4,70
BRDA:132,2,5,69
BRDA:132,2,6,67
BRDA:148,3,0,179
BRDA:148,3,1,39
BRDA:161,4,0,179
BRDA:161,4,1,58
BRDA:174,5,0,179
BRDA:174,5,1,74
BRDA:187,6,0,179
BRDA:187,6,1,76
BRDA:200,7,0,179
BRDA:200,7,1,70
BRDA:213,8,0,179
BRDA:213,8,1,90
BRF:27
BRH:27
end_of_record
TN:
SF:src\domain\module.js
FN:7,calculateAge
FNF:1
FNH:1
FNDA:20,calculateAge
DA:8,20
DA:9,2
DA:12,18
DA:13,2
DA:16,16
DA:17,1
DA:20,15
DA:21,2
DA:24,13
DA:25,1
DA:28,12
DA:29,12
DA:30,12
LF:13
LH:13
BRDA:8,0,0,2
BRDA:8,0,1,18
BRDA:12,1,0,2
BRDA:12,1,1,16
BRDA:16,2,0,1
BRDA:16,2,1,15
BRDA:20,3,0,2
BRDA:20,3,1,13
BRDA:24,4,0,1
BRDA:24,4,1,12
BRF:10
BRH:10
end_of_record
TN:
SF:src\domain\validator.js
FN:15,validatePerson
FN:56,validateAge
FN:80,validateZipCode
FN:96,validateCity
FN:113,validateName
FN:129,validateEmail
FNF:6
FNH:6
FNDA:18,validatePerson
FNDA:20,validateAge
FNDA:27,validateZipCode
FNDA:52,validateCity
FNDA:48,validateName
FNDA:64,validateEmail
DA:16,18
DA:17,3
DA:20,15
DA:21,14
DA:22,13
DA:23,12
DA:24,11
DA:25,10
DA:27,9
DA:28,8
DA:29,7
DA:30,6
DA:31,5
DA:32,4
DA:34,3
DA:35,3
DA:36,3
DA:37,3
DA:38,3
DA:39,3
DA:41,3
DA:57,20
DA:58,3
DA:61,17
DA:62,17
DA:64,12
DA:65,12
DA:67,11
DA:68,11
DA:70,8
DA:81,27
DA:82,19
DA:84,8
DA:97,52
DA:98,50
DA:99,45
DA:100,19
DA:102,26
DA:114,48
DA:115,46
DA:116,45
DA:117,12
DA:119,33
DA:130,64
DA:131,1
DA:134,63
DA:135,63
DA:136,53
DA:138,10
LF:49
LH:49
BRDA:16,0,0,3
BRDA:16,0,1,15
BRDA:16,1,0,18
BRDA:16,1,1,16
BRDA:20,2,0,1
BRDA:20,2,1,14
BRDA:21,3,0,1
BRDA:21,3,1,13
BRDA:22,4,0,1
BRDA:22,4,1,12
BRDA:23,5,0,1
BRDA:23,5,1,11
BRDA:24,6,0,1
BRDA:24,6,1,10
BRDA:25,7,0,1
BRDA:25,7,1,9
BRDA:27,8,0,1
BRDA:27,8,1,8
BRDA:28,9,0,1
BRDA:28,9,1,7
BRDA:29,10,0,1
BRDA:29,10,1,6
BRDA:30,11,0,1
BRDA:30,11,1,5
BRDA:31,12,0,1
BRDA:31,12,1,4
BRDA:32,13,0,1
BRDA:32,13,1,3
BRDA:57,14,0,3
BRDA:57,14,1,17
BRDA:57,15,0,20
BRDA:57,15,1,18
BRDA:62,16,0,5
BRDA:62,16,1,12
BRDA:65,17,0,1
BRDA:65,17,1,11
BRDA:68,18,0,3
BRDA:68,18,1,8
BRDA:81,19,0,19
BRDA:81,19,1,8
BRDA:81,20,0,27
BRDA:81,20,1,26
BRDA:97,21,0,2
BRDA:97,21,1,50
BRDA:98,22,0,5
BRDA:98,22,1,45
BRDA:99,23,0,19
BRDA:99,23,1,26
BRDA:113,24,0,6
BRDA:114,25,0,2
BRDA:114,25,1,46
BRDA:114,26,0,1
BRDA:114,26,1,1
BRDA:115,27,0,1
BRDA:115,27,1,45
BRDA:116,28,0,12
BRDA:116,28,1,33
BRDA:117,29,0,7
BRDA:117,29,1,5
BRDA:130,30,0,1
BRDA:130,30,1,63
BRDA:135,31,0,53
BRDA:135,31,1,10
BRF:63
BRH:63
end_of_record
TN:
SF:src\domain\services\personService.js
FN:17,fetchUsers
FN:20,(anonymous_1)
FN:44,createUser
FNF:3
FNH:3
FNDA:4,fetchUsers
FNDA:3,(anonymous_1)
FNDA:6,createUser
DA:7,1
DA:18,4
DA:19,4
DA:20,3
DA:29,2
DA:45,6
DA:46,1
DA:49,5
DA:50,5
DA:51,2
DA:53,3
DA:55,3
DA:56,1
DA:59,2
DA:60,1
DA:63,1
LF:16
LH:16
BRDA:21,0,0,3
BRDA:21,0,1,1
BRDA:22,1,0,3
BRDA:22,1,1,2
BRDA:25,2,0,3
BRDA:25,2,1,1
BRDA:26,3,0,3
BRDA:26,3,1,1
BRDA:44,4,0,1
BRDA:45,5,0,1
BRDA:45,5,1,5
BRDA:55,6,0,1
BRDA:55,6,1,2
BRDA:55,7,0,3
BRDA:55,7,1,1
BRDA:59,8,0,1
BRDA:59,8,1,1
BRDA:59,9,0,2
BRDA:59,9,1,1
BRF:19
BRH:19
end_of_record
TN:
SF:src\utils\errorMessages.js
FN:37,getErrorMessage
FNF:1
FNH:1
FNDA:410,getErrorMessage
DA:17,2
DA:38,410
LF:2
LH:2
BRDA:38,0,0,410
BRDA:38,0,1,1
BRF:2
BRH:2
end_of_record
